<?xml version="1.0" encoding="UTF-8"?>
<testng-results ignored="0" total="1" passed="1" failed="0" skipped="0">
  <reporter-output>
  </reporter-output>
  <suite started-at="2022-11-22T10:26:15 IST" name="Suite" finished-at="2022-11-22T10:26:24 IST" duration-ms="9454">
    <groups>
    </groups>
    <test started-at="2022-11-22T10:26:15 IST" name="Test" finished-at="2022-11-22T10:26:24 IST" duration-ms="9454">
      <class name="TestCaseA.ClickOnLoginB">
        <test-method signature="Test1()[pri:0, instance:TestCaseA.ClickOnLoginB@8f4ea7c]" started-at="2022-11-22T10:26:15 IST" name="Test1" finished-at="2022-11-22T10:26:24 IST" duration-ms="9402" status="PASS">
          <reporter-output>
          </reporter-output>
        </test-method> <!-- Test1 -->
      </class> <!-- TestCaseA.ClickOnLoginB -->
    </test> <!-- Test -->
  </suite> <!-- Suite -->
</testng-results>
